21:00:49.266 [main] INFO  testCases.TC_001_AccountRegistrationTest - **** TC_001 Account Registration Test ****
21:00:49.550 [main] INFO  testCases.TC_001_AccountRegistrationTest - Clicked on My ACcount
21:00:50.164 [main] INFO  testCases.TC_001_AccountRegistrationTest - Clicked on Register
21:00:50.168 [main] INFO  testCases.TC_001_AccountRegistrationTest - PRoviding Customer Data
21:00:51.039 [main] INFO  testCases.TC_001_AccountRegistrationTest - CLicked on Continue
21:01:11.092 [main] INFO  testCases.TC_001_AccountRegistrationTest - Validating Expected Message
21:01:54.719 [main] INFO  testCases.TC_001_AccountRegistrationTest - **** TC_001 Account Registration Test ****
21:01:55.083 [main] INFO  testCases.TC_001_AccountRegistrationTest - Clicked on My ACcount
21:01:55.709 [main] INFO  testCases.TC_001_AccountRegistrationTest - Clicked on Register
21:01:55.716 [main] INFO  testCases.TC_001_AccountRegistrationTest - PRoviding Customer Data
21:01:56.578 [main] INFO  testCases.TC_001_AccountRegistrationTest - CLicked on Continue
21:01:57.265 [main] INFO  testCases.TC_001_AccountRegistrationTest - Validating Expected Message
21:01:57.267 [main] INFO  testCases.TC_001_AccountRegistrationTest - Finised TC-001 Accoutn Registration Test
21:02:05.997 [main] INFO  testCases.TC_002_LoginTest - Starting TC_002_Login Test..
21:02:06.129 [main] INFO  testCases.TC_002_LoginTest - Clicked on My Account
21:02:06.683 [main] INFO  testCases.TC_002_LoginTest - Clicked on Login
21:02:06.686 [main] INFO  testCases.TC_002_LoginTest - Providing Login Details..
21:02:07.103 [main] INFO  testCases.TC_002_LoginTest - Clicked on Login Button..
21:02:07.679 [main] INFO  testCases.TC_002_LoginTest - Finished TC-002 Login Test..
21:02:57.764 [main] INFO  testCases.TC_003_LoginDataDrivenTest -  Starting TC_003_LoginDataDrivenTest 
21:03:06.526 [main] INFO  testCases.TC_003_LoginDataDrivenTest -  Finished TC_003_LoginDataDrivenTest
21:03:06.578 [main] INFO  testCases.TC_003_LoginDataDrivenTest -  Starting TC_003_LoginDataDrivenTest 
21:03:27.579 [main] INFO  testCases.TC_003_LoginDataDrivenTest -  Finished TC_003_LoginDataDrivenTest
21:03:27.586 [main] INFO  testCases.TC_003_LoginDataDrivenTest -  Starting TC_003_LoginDataDrivenTest 
21:03:48.590 [main] INFO  testCases.TC_003_LoginDataDrivenTest -  Finished TC_003_LoginDataDrivenTest
21:03:48.600 [main] INFO  testCases.TC_003_LoginDataDrivenTest -  Starting TC_003_LoginDataDrivenTest 
21:04:09.557 [main] INFO  testCases.TC_003_LoginDataDrivenTest -  Finished TC_003_LoginDataDrivenTest
21:04:09.564 [main] INFO  testCases.TC_003_LoginDataDrivenTest -  Starting TC_003_LoginDataDrivenTest 
21:04:17.862 [main] INFO  testCases.TC_003_LoginDataDrivenTest -  Finished TC_003_LoginDataDrivenTest
21:06:38.941 [main] INFO  testCases.TC_002_LoginTest - Starting TC_002_Login Test..
21:06:39.128 [main] INFO  testCases.TC_002_LoginTest - Clicked on My Account
21:06:39.687 [main] INFO  testCases.TC_002_LoginTest - Clicked on Login
21:06:39.690 [main] INFO  testCases.TC_002_LoginTest - Providing Login Details..
21:06:40.139 [main] INFO  testCases.TC_002_LoginTest - Clicked on Login Button..
21:06:40.721 [main] INFO  testCases.TC_002_LoginTest - Finished TC-002 Login Test..
21:12:16.594 [main] INFO  testCases.TC_001_AccountRegistrationTest - **** TC_001 Account Registration Test ****
21:12:16.826 [main] INFO  testCases.TC_001_AccountRegistrationTest - Clicked on My ACcount
21:12:17.392 [main] INFO  testCases.TC_001_AccountRegistrationTest - Clicked on Register
21:12:17.398 [main] INFO  testCases.TC_001_AccountRegistrationTest - PRoviding Customer Data
21:12:18.256 [main] INFO  testCases.TC_001_AccountRegistrationTest - CLicked on Continue
21:12:24.645 [main] INFO  testCases.TC_001_AccountRegistrationTest - Validating Expected Message
21:13:12.070 [main] INFO  testCases.TC_001_AccountRegistrationTest - **** TC_001 Account Registration Test ****
21:13:12.358 [main] INFO  testCases.TC_001_AccountRegistrationTest - Clicked on My ACcount
21:13:12.980 [main] INFO  testCases.TC_001_AccountRegistrationTest - Clicked on Register
21:13:12.984 [main] INFO  testCases.TC_001_AccountRegistrationTest - PRoviding Customer Data
21:13:13.865 [main] INFO  testCases.TC_001_AccountRegistrationTest - CLicked on Continue
21:13:14.559 [main] INFO  testCases.TC_001_AccountRegistrationTest - Validating Expected Message
21:13:23.314 [main] INFO  testCases.TC_002_LoginTest - Starting TC_002_Login Test..
21:13:23.477 [main] INFO  testCases.TC_002_LoginTest - Clicked on My Account
21:13:24.100 [main] INFO  testCases.TC_002_LoginTest - Clicked on Login
21:13:24.104 [main] INFO  testCases.TC_002_LoginTest - Providing Login Details..
21:13:24.507 [main] INFO  testCases.TC_002_LoginTest - Clicked on Login Button..
21:13:25.106 [main] INFO  testCases.TC_002_LoginTest - Finished TC-002 Login Test..
21:17:30.536 [main] INFO  testCases.TC_001_AccountRegistrationTest - **** TC_001 Account Registration Test ****
21:17:30.738 [main] INFO  testCases.TC_001_AccountRegistrationTest - Clicked on My ACcount
21:17:31.312 [main] INFO  testCases.TC_001_AccountRegistrationTest - Clicked on Register
21:17:31.317 [main] INFO  testCases.TC_001_AccountRegistrationTest - PRoviding Customer Data
21:17:32.198 [main] INFO  testCases.TC_001_AccountRegistrationTest - CLicked on Continue
21:17:32.873 [main] INFO  testCases.TC_001_AccountRegistrationTest - Validating Expected Message
21:17:32.876 [main] INFO  testCases.TC_001_AccountRegistrationTest - Finised TC-001 Accoutn Registration Test
21:20:37.480 [main] INFO  testCases.TC_001_AccountRegistrationTest - **** TC_001 Account Registration Test ****
21:20:37.676 [main] INFO  testCases.TC_001_AccountRegistrationTest - Clicked on My ACcount
21:20:38.291 [main] INFO  testCases.TC_001_AccountRegistrationTest - Clicked on Register
21:20:38.295 [main] INFO  testCases.TC_001_AccountRegistrationTest - PRoviding Customer Data
21:20:39.150 [main] INFO  testCases.TC_001_AccountRegistrationTest - CLicked on Continue
21:20:48.730 [main] INFO  testCases.TC_001_AccountRegistrationTest - Validating Expected Message
21:20:48.733 [main] INFO  testCases.TC_001_AccountRegistrationTest - Finised TC-001 Accoutn Registration Test
21:20:56.556 [main] INFO  testCases.TC_002_LoginTest - Starting TC_002_Login Test..
21:20:56.698 [main] INFO  testCases.TC_002_LoginTest - Clicked on My Account
21:20:57.337 [main] INFO  testCases.TC_002_LoginTest - Clicked on Login
21:20:57.341 [main] INFO  testCases.TC_002_LoginTest - Providing Login Details..
21:20:57.779 [main] INFO  testCases.TC_002_LoginTest - Clicked on Login Button..
21:23:09.748 [main] INFO  testCases.TC_002_LoginTest - Starting TC_002_Login Test..
21:23:09.967 [main] INFO  testCases.TC_002_LoginTest - Clicked on My Account
21:23:10.628 [main] INFO  testCases.TC_002_LoginTest - Clicked on Login
21:23:10.637 [main] INFO  testCases.TC_002_LoginTest - Providing Login Details..
21:23:11.067 [main] INFO  testCases.TC_002_LoginTest - Clicked on Login Button..
21:24:50.729 [main] INFO  testCases.TC_002_LoginTest - Starting TC_002_Login Test..
21:24:50.921 [main] INFO  testCases.TC_002_LoginTest - Clicked on My Account
21:24:51.434 [main] INFO  testCases.TC_002_LoginTest - Clicked on Login
21:24:51.435 [main] INFO  testCases.TC_002_LoginTest - Providing Login Details..
21:24:51.869 [main] INFO  testCases.TC_002_LoginTest - Clicked on Login Button..
21:24:52.467 [main] INFO  testCases.TC_002_LoginTest - Finished TC-002 Login Test..
10:16:07.779 [main] INFO  testCases.TC_001_AccountRegistrationTest - **** TC_001 Account Registration Test ****
10:16:07.968 [main] INFO  testCases.TC_001_AccountRegistrationTest - Clicked on My ACcount
10:16:08.729 [main] INFO  testCases.TC_001_AccountRegistrationTest - Clicked on Register
10:16:08.734 [main] INFO  testCases.TC_001_AccountRegistrationTest - PRoviding Customer Data
10:16:09.630 [main] INFO  testCases.TC_001_AccountRegistrationTest - CLicked on Continue
10:16:10.515 [main] INFO  testCases.TC_001_AccountRegistrationTest - Validating Expected Message
10:16:10.522 [main] INFO  testCases.TC_001_AccountRegistrationTest - Finised TC-001 Accoutn Registration Test
10:16:19.543 [main] INFO  testCases.TC_002_LoginTest - Starting TC_002_Login Test..
10:16:19.691 [main] INFO  testCases.TC_002_LoginTest - Clicked on My Account
10:16:20.334 [main] INFO  testCases.TC_002_LoginTest - Clicked on Login
10:16:20.340 [main] INFO  testCases.TC_002_LoginTest - Providing Login Details..
10:16:20.818 [main] INFO  testCases.TC_002_LoginTest - Clicked on Login Button..
10:16:21.519 [main] INFO  testCases.TC_002_LoginTest - Finished TC-002 Login Test..
10:43:33.260 [main] INFO  testCases.TC_001_AccountRegistrationTest - **** TC_001 Account Registration Test ****
10:43:33.484 [main] INFO  testCases.TC_001_AccountRegistrationTest - Clicked on My ACcount
10:43:34.256 [main] INFO  testCases.TC_001_AccountRegistrationTest - Clicked on Register
10:43:34.260 [main] INFO  testCases.TC_001_AccountRegistrationTest - PRoviding Customer Data
10:43:35.049 [main] INFO  testCases.TC_001_AccountRegistrationTest - CLicked on Continue
10:43:35.727 [main] INFO  testCases.TC_001_AccountRegistrationTest - Validating Expected Message
10:43:35.730 [main] INFO  testCases.TC_001_AccountRegistrationTest - Finised TC-001 Accoutn Registration Test
10:43:44.596 [main] INFO  testCases.TC_002_LoginTest - Starting TC_002_Login Test..
10:43:44.726 [main] INFO  testCases.TC_002_LoginTest - Clicked on My Account
10:43:45.309 [main] INFO  testCases.TC_002_LoginTest - Clicked on Login
10:43:45.313 [main] INFO  testCases.TC_002_LoginTest - Providing Login Details..
10:43:45.726 [main] INFO  testCases.TC_002_LoginTest - Clicked on Login Button..
10:43:46.304 [main] INFO  testCases.TC_002_LoginTest - Finished TC-002 Login Test..
12:17:05.952 [main] INFO  testCases.TC_001_AccountRegistrationTest - **** TC_001 Account Registration Test ****
12:17:06.204 [main] INFO  testCases.TC_001_AccountRegistrationTest - Clicked on My ACcount
12:17:06.828 [main] INFO  testCases.TC_001_AccountRegistrationTest - Clicked on Register
12:17:06.831 [main] INFO  testCases.TC_001_AccountRegistrationTest - PRoviding Customer Data
12:17:07.656 [main] INFO  testCases.TC_001_AccountRegistrationTest - CLicked on Continue
12:17:08.348 [main] INFO  testCases.TC_001_AccountRegistrationTest - Validating Expected Message
12:17:08.351 [main] INFO  testCases.TC_001_AccountRegistrationTest - Finised TC-001 Accoutn Registration Test
12:17:16.914 [main] INFO  testCases.TC_002_LoginTest - Starting TC_002_Login Test..
12:17:17.035 [main] INFO  testCases.TC_002_LoginTest - Clicked on My Account
12:17:17.606 [main] INFO  testCases.TC_002_LoginTest - Clicked on Login
12:17:17.610 [main] INFO  testCases.TC_002_LoginTest - Providing Login Details..
12:17:18.023 [main] INFO  testCases.TC_002_LoginTest - Clicked on Login Button..
12:17:18.601 [main] INFO  testCases.TC_002_LoginTest - Finished TC-002 Login Test..
13:16:29.039 [main] INFO  testCases.TC_001_AccountRegistrationTest - **** TC_001 Account Registration Test ****
13:16:29.231 [main] INFO  testCases.TC_001_AccountRegistrationTest - Clicked on My ACcount
13:16:29.939 [main] INFO  testCases.TC_001_AccountRegistrationTest - Clicked on Register
13:16:29.946 [main] INFO  testCases.TC_001_AccountRegistrationTest - PRoviding Customer Data
13:16:30.777 [main] INFO  testCases.TC_001_AccountRegistrationTest - CLicked on Continue
13:16:31.663 [main] INFO  testCases.TC_001_AccountRegistrationTest - Validating Expected Message
13:16:31.666 [main] INFO  testCases.TC_001_AccountRegistrationTest - Finised TC-001 Accoutn Registration Test
13:16:40.530 [main] INFO  testCases.TC_002_LoginTest - Starting TC_002_Login Test..
13:16:40.628 [main] INFO  testCases.TC_002_LoginTest - Clicked on My Account
13:16:41.198 [main] INFO  testCases.TC_002_LoginTest - Clicked on Login
13:16:41.204 [main] INFO  testCases.TC_002_LoginTest - Providing Login Details..
13:16:41.619 [main] INFO  testCases.TC_002_LoginTest - Clicked on Login Button..
13:16:42.318 [main] INFO  testCases.TC_002_LoginTest - Finished TC-002 Login Test..
13:27:20.656 [main] INFO  testCases.TC_001_AccountRegistrationTest - **** TC_001 Account Registration Test ****
13:27:20.846 [main] INFO  testCases.TC_001_AccountRegistrationTest - Clicked on My ACcount
13:27:21.384 [main] INFO  testCases.TC_001_AccountRegistrationTest - Clicked on Register
13:27:21.388 [main] INFO  testCases.TC_001_AccountRegistrationTest - PRoviding Customer Data
13:27:22.190 [main] INFO  testCases.TC_001_AccountRegistrationTest - CLicked on Continue
13:27:22.867 [main] INFO  testCases.TC_001_AccountRegistrationTest - Validating Expected Message
13:27:22.870 [main] INFO  testCases.TC_001_AccountRegistrationTest - Finised TC-001 Accoutn Registration Test
13:27:31.246 [main] INFO  testCases.TC_002_LoginTest - Starting TC_002_Login Test..
13:27:31.375 [main] INFO  testCases.TC_002_LoginTest - Clicked on My Account
13:27:31.882 [main] INFO  testCases.TC_002_LoginTest - Clicked on Login
13:27:31.886 [main] INFO  testCases.TC_002_LoginTest - Providing Login Details..
13:27:32.305 [main] INFO  testCases.TC_002_LoginTest - Clicked on Login Button..
13:27:32.876 [main] INFO  testCases.TC_002_LoginTest - Finished TC-002 Login Test..
18:48:30.527 [main] INFO  testCases.TC_001_AccountRegistrationTest - **** TC_001 Account Registration Test ****
18:48:30.777 [main] INFO  testCases.TC_001_AccountRegistrationTest - Clicked on My ACcount
18:48:31.625 [main] INFO  testCases.TC_001_AccountRegistrationTest - Clicked on Register
18:48:31.641 [main] INFO  testCases.TC_001_AccountRegistrationTest - PRoviding Customer Data
18:48:32.446 [main] INFO  testCases.TC_001_AccountRegistrationTest - CLicked on Continue
18:48:42.407 [main] INFO  testCases.TC_001_AccountRegistrationTest - Validating Expected Message
18:48:54.995 [main] INFO  testCases.TC_001_AccountRegistrationTest - **** TC_001 Account Registration Test ****
18:48:55.198 [main] INFO  testCases.TC_001_AccountRegistrationTest - Clicked on My ACcount
18:48:55.754 [main] INFO  testCases.TC_001_AccountRegistrationTest - Clicked on Register
18:48:55.757 [main] INFO  testCases.TC_001_AccountRegistrationTest - PRoviding Customer Data
18:48:56.617 [main] INFO  testCases.TC_001_AccountRegistrationTest - CLicked on Continue
18:48:57.516 [main] INFO  testCases.TC_001_AccountRegistrationTest - Validating Expected Message
18:48:57.519 [main] INFO  testCases.TC_001_AccountRegistrationTest - Finised TC-001 Accoutn Registration Test
18:49:06.246 [main] INFO  testCases.TC_002_LoginTest - Starting TC_002_Login Test..
18:49:06.385 [main] INFO  testCases.TC_002_LoginTest - Clicked on My Account
18:49:06.973 [main] INFO  testCases.TC_002_LoginTest - Clicked on Login
18:49:06.990 [main] INFO  testCases.TC_002_LoginTest - Providing Login Details..
18:49:07.391 [main] INFO  testCases.TC_002_LoginTest - Clicked on Login Button..
18:49:08.113 [main] INFO  testCases.TC_002_LoginTest - Finished TC-002 Login Test..
08:57:11.802 [main] INFO  testCases.TC_001_AccountRegistrationTest - **** TC_001 Account Registration Test ****
08:57:12.047 [main] INFO  testCases.TC_001_AccountRegistrationTest - Clicked on My ACcount
08:57:12.889 [main] INFO  testCases.TC_001_AccountRegistrationTest - Clicked on Register
08:57:12.898 [main] INFO  testCases.TC_001_AccountRegistrationTest - PRoviding Customer Data
08:57:13.726 [main] INFO  testCases.TC_001_AccountRegistrationTest - CLicked on Continue
08:57:14.615 [main] INFO  testCases.TC_001_AccountRegistrationTest - Validating Expected Message
08:57:14.618 [main] INFO  testCases.TC_001_AccountRegistrationTest - Finised TC-001 Accoutn Registration Test
08:57:23.643 [main] INFO  testCases.TC_002_LoginTest - Starting TC_002_Login Test..
08:57:23.793 [main] INFO  testCases.TC_002_LoginTest - Clicked on My Account
08:57:24.443 [main] INFO  testCases.TC_002_LoginTest - Clicked on Login
08:57:24.448 [main] INFO  testCases.TC_002_LoginTest - Providing Login Details..
08:57:24.851 [main] INFO  testCases.TC_002_LoginTest - Clicked on Login Button..
08:57:25.560 [main] INFO  testCases.TC_002_LoginTest - Finished TC-002 Login Test..
08:58:35.897 [main] INFO  testCases.TC_001_AccountRegistrationTest - **** TC_001 Account Registration Test ****
08:58:36.101 [main] INFO  testCases.TC_001_AccountRegistrationTest - Clicked on My ACcount
08:58:36.657 [main] INFO  testCases.TC_001_AccountRegistrationTest - Clicked on Register
08:58:36.667 [main] INFO  testCases.TC_001_AccountRegistrationTest - PRoviding Customer Data
08:58:37.514 [main] INFO  testCases.TC_001_AccountRegistrationTest - CLicked on Continue
08:58:38.227 [main] INFO  testCases.TC_001_AccountRegistrationTest - Validating Expected Message
08:58:38.230 [main] INFO  testCases.TC_001_AccountRegistrationTest - Finised TC-001 Accoutn Registration Test
08:58:46.906 [main] INFO  testCases.TC_002_LoginTest - Starting TC_002_Login Test..
08:58:47.040 [main] INFO  testCases.TC_002_LoginTest - Clicked on My Account
08:58:47.607 [main] INFO  testCases.TC_002_LoginTest - Clicked on Login
08:58:47.610 [main] INFO  testCases.TC_002_LoginTest - Providing Login Details..
08:58:47.999 [main] INFO  testCases.TC_002_LoginTest - Clicked on Login Button..
08:58:48.566 [main] INFO  testCases.TC_002_LoginTest - Finished TC-002 Login Test..
08:59:13.449 [main] INFO  testCases.TC_002_LoginTest - Starting TC_002_Login Test..
08:59:13.659 [main] INFO  testCases.TC_002_LoginTest - Clicked on My Account
08:59:14.247 [main] INFO  testCases.TC_002_LoginTest - Clicked on Login
08:59:14.250 [main] INFO  testCases.TC_002_LoginTest - Providing Login Details..
08:59:14.661 [main] INFO  testCases.TC_002_LoginTest - Clicked on Login Button..
08:59:15.256 [main] INFO  testCases.TC_002_LoginTest - Finished TC-002 Login Test..
08:59:42.643 [TestNG-tests-1] INFO  testCases.TC_001_AccountRegistrationTest - **** TC_001 Account Registration Test ****
08:59:42.911 [TestNG-tests-1] INFO  testCases.TC_001_AccountRegistrationTest - Clicked on My ACcount
08:59:45.732 [TestNG-tests-1] INFO  testCases.TC_001_AccountRegistrationTest - Clicked on Register
08:59:45.742 [TestNG-tests-1] INFO  testCases.TC_001_AccountRegistrationTest - PRoviding Customer Data
08:59:51.766 [TestNG-tests-3] INFO  testCases.TC_001_AccountRegistrationTest - **** TC_001 Account Registration Test ****
08:59:52.220 [TestNG-tests-3] INFO  testCases.TC_001_AccountRegistrationTest - Clicked on My ACcount
08:59:53.239 [TestNG-tests-3] INFO  testCases.TC_001_AccountRegistrationTest - Clicked on Register
08:59:53.244 [TestNG-tests-3] INFO  testCases.TC_001_AccountRegistrationTest - PRoviding Customer Data
09:00:07.686 [TestNG-tests-2] INFO  testCases.TC_001_AccountRegistrationTest - **** TC_001 Account Registration Test ****
09:01:02.838 [main] INFO  testCases.TC_003_LoginDataDrivenTest -  Starting TC_003_LoginDataDrivenTest 
09:01:11.654 [main] INFO  testCases.TC_003_LoginDataDrivenTest -  Finished TC_003_LoginDataDrivenTest
09:01:11.692 [main] INFO  testCases.TC_003_LoginDataDrivenTest -  Starting TC_003_LoginDataDrivenTest 
09:01:32.601 [main] INFO  testCases.TC_003_LoginDataDrivenTest -  Finished TC_003_LoginDataDrivenTest
09:01:32.614 [main] INFO  testCases.TC_003_LoginDataDrivenTest -  Starting TC_003_LoginDataDrivenTest 
09:01:53.550 [main] INFO  testCases.TC_003_LoginDataDrivenTest -  Finished TC_003_LoginDataDrivenTest
09:01:53.554 [main] INFO  testCases.TC_003_LoginDataDrivenTest -  Starting TC_003_LoginDataDrivenTest 
09:02:14.459 [main] INFO  testCases.TC_003_LoginDataDrivenTest -  Finished TC_003_LoginDataDrivenTest
09:02:14.465 [main] INFO  testCases.TC_003_LoginDataDrivenTest -  Starting TC_003_LoginDataDrivenTest 
09:02:22.578 [main] INFO  testCases.TC_003_LoginDataDrivenTest -  Finished TC_003_LoginDataDrivenTest
10:19:40.982 [main] INFO  testCases.TC_001_AccountRegistrationTest - **** TC_001 Account Registration Test ****
10:19:41.232 [main] INFO  testCases.TC_001_AccountRegistrationTest - Clicked on My ACcount
10:19:41.856 [main] INFO  testCases.TC_001_AccountRegistrationTest - Clicked on Register
10:19:41.868 [main] INFO  testCases.TC_001_AccountRegistrationTest - PRoviding Customer Data
10:19:42.680 [main] INFO  testCases.TC_001_AccountRegistrationTest - CLicked on Continue
10:19:43.401 [main] INFO  testCases.TC_001_AccountRegistrationTest - Validating Expected Message
10:19:43.404 [main] INFO  testCases.TC_001_AccountRegistrationTest - Finised TC-001 Accoutn Registration Test
10:19:52.309 [main] INFO  testCases.TC_002_LoginTest - Starting TC_002_Login Test..
10:19:52.434 [main] INFO  testCases.TC_002_LoginTest - Clicked on My Account
10:19:52.945 [main] INFO  testCases.TC_002_LoginTest - Clicked on Login
10:19:52.958 [main] INFO  testCases.TC_002_LoginTest - Providing Login Details..
10:19:53.359 [main] INFO  testCases.TC_002_LoginTest - Clicked on Login Button..
10:19:53.959 [main] INFO  testCases.TC_002_LoginTest - Finished TC-002 Login Test..
10:28:12.030 [main] INFO  testCases.TC_001_AccountRegistrationTest - **** TC_001 Account Registration Test ****
10:28:12.290 [main] INFO  testCases.TC_001_AccountRegistrationTest - Clicked on My ACcount
10:28:12.879 [main] INFO  testCases.TC_001_AccountRegistrationTest - Clicked on Register
10:28:12.888 [main] INFO  testCases.TC_001_AccountRegistrationTest - PRoviding Customer Data
10:28:13.730 [main] INFO  testCases.TC_001_AccountRegistrationTest - CLicked on Continue
10:28:23.395 [main] INFO  testCases.TC_001_AccountRegistrationTest - Validating Expected Message
10:28:23.399 [main] INFO  testCases.TC_001_AccountRegistrationTest - Finised TC-001 Accoutn Registration Test
10:28:31.399 [main] INFO  testCases.TC_002_LoginTest - Starting TC_002_Login Test..
10:28:31.530 [main] INFO  testCases.TC_002_LoginTest - Clicked on My Account
10:28:32.054 [main] INFO  testCases.TC_002_LoginTest - Clicked on Login
10:28:32.063 [main] INFO  testCases.TC_002_LoginTest - Providing Login Details..
10:28:32.496 [main] INFO  testCases.TC_002_LoginTest - Clicked on Login Button..
10:28:33.068 [main] INFO  testCases.TC_002_LoginTest - Finished TC-002 Login Test..
14:50:39.447 [main] INFO  testCases.TC_001_AccountRegistrationTest - **** TC_001 Account Registration Test ****
14:50:39.658 [main] INFO  testCases.TC_001_AccountRegistrationTest - Clicked on My ACcount
14:50:40.239 [main] INFO  testCases.TC_001_AccountRegistrationTest - Clicked on Register
14:50:40.244 [main] INFO  testCases.TC_001_AccountRegistrationTest - PRoviding Customer Data
14:50:41.065 [main] INFO  testCases.TC_001_AccountRegistrationTest - CLicked on Continue
14:50:41.785 [main] INFO  testCases.TC_001_AccountRegistrationTest - Validating Expected Message
14:50:41.788 [main] INFO  testCases.TC_001_AccountRegistrationTest - Finised TC-001 Accoutn Registration Test
14:50:50.679 [main] INFO  testCases.TC_002_LoginTest - Starting TC_002_Login Test..
14:50:50.819 [main] INFO  testCases.TC_002_LoginTest - Clicked on My Account
14:50:51.402 [main] INFO  testCases.TC_002_LoginTest - Clicked on Login
14:50:51.405 [main] INFO  testCases.TC_002_LoginTest - Providing Login Details..
14:50:51.836 [main] INFO  testCases.TC_002_LoginTest - Clicked on Login Button..
14:50:52.445 [main] INFO  testCases.TC_002_LoginTest - Finished TC-002 Login Test..
15:21:09.280 [main] INFO  testCases.TC_001_AccountRegistrationTest - **** TC_001 Account Registration Test ****
15:21:09.524 [main] INFO  testCases.TC_001_AccountRegistrationTest - Clicked on My ACcount
15:21:10.088 [main] INFO  testCases.TC_001_AccountRegistrationTest - Clicked on Register
15:21:10.091 [main] INFO  testCases.TC_001_AccountRegistrationTest - PRoviding Customer Data
15:21:10.899 [main] INFO  testCases.TC_001_AccountRegistrationTest - CLicked on Continue
15:21:11.563 [main] INFO  testCases.TC_001_AccountRegistrationTest - Validating Expected Message
15:21:11.566 [main] INFO  testCases.TC_001_AccountRegistrationTest - Finised TC-001 Accoutn Registration Test
15:21:20.275 [main] INFO  testCases.TC_002_LoginTest - Starting TC_002_Login Test..
15:21:20.409 [main] INFO  testCases.TC_002_LoginTest - Clicked on My Account
15:21:20.973 [main] INFO  testCases.TC_002_LoginTest - Clicked on Login
15:21:20.975 [main] INFO  testCases.TC_002_LoginTest - Providing Login Details..
15:21:21.365 [main] INFO  testCases.TC_002_LoginTest - Clicked on Login Button..
15:21:21.920 [main] INFO  testCases.TC_002_LoginTest - Finished TC-002 Login Test..
15:21:30.630 [main] INFO  testCases.TC_004_SearchProductTest -  Starting TC_004_SearchProductTest 
15:22:19.867 [main] INFO  testCases.TC_005_AddToCartPageTest -  Starting TC_005_AddToCartPageTest 
15:27:57.063 [main] INFO  testCases.TC_004_SearchProductTest -  Starting TC_004_SearchProductTest 
15:36:52.747 [main] INFO  testCases.TC_004_SearchProductTest -  Starting TC_004_SearchProductTest 
15:37:57.866 [main] INFO  testCases.TC_004_SearchProductTest -  Starting TC_004_SearchProductTest 
15:39:31.106 [main] INFO  testCases.TC_004_SearchProductTest -  Starting TC_004_SearchProductTest 
15:40:40.400 [main] INFO  testCases.TC_004_SearchProductTest -  Starting TC_004_SearchProductTest 
15:42:56.015 [main] INFO  testCases.TC_004_SearchProductTest -  Starting TC_004_SearchProductTest 
15:46:54.386 [main] INFO  testCases.TC_004_SearchProductTest -  Starting TC_004_SearchProductTest 
15:48:33.479 [main] INFO  testCases.TC_004_SearchProductTest -  Starting TC_004_SearchProductTest 
15:50:50.408 [main] INFO  testCases.TC_004_SearchProductTest -  Starting TC_004_SearchProductTest 
15:51:52.161 [main] INFO  testCases.TC_004_SearchProductTest -  Starting TC_004_SearchProductTest 
16:16:38.857 [main] INFO  testCases.TC_004_SearchProductTest -  Starting TC_004_SearchProductTest 
16:17:50.655 [main] INFO  testCases.TC_004_SearchProductTest -  Starting TC_004_SearchProductTest 
06:02:23.159 [main] INFO  testCases.TC_004_SearchProductTest -  Starting TC_004_SearchProductTest 
18:52:01.541 [main] INFO  testCases.TC_001_AccountRegistrationTest - **** TC_001 Account Registration Test ****
18:52:01.730 [main] INFO  testCases.TC_001_AccountRegistrationTest - Clicked on My ACcount
18:52:02.483 [main] INFO  testCases.TC_001_AccountRegistrationTest - Clicked on Register
18:52:02.489 [main] INFO  testCases.TC_001_AccountRegistrationTest - PRoviding Customer Data
18:52:03.324 [main] INFO  testCases.TC_001_AccountRegistrationTest - CLicked on Continue
18:52:13.589 [main] INFO  testCases.TC_001_AccountRegistrationTest - Validating Expected Message
18:52:13.592 [main] INFO  testCases.TC_001_AccountRegistrationTest - Finised TC-001 Accoutn Registration Test
18:52:21.495 [main] INFO  testCases.TC_002_LoginTest - Starting TC_002_Login Test..
18:52:21.679 [main] INFO  testCases.TC_002_LoginTest - Clicked on My Account
18:52:22.279 [main] INFO  testCases.TC_002_LoginTest - Clicked on Login
18:52:22.282 [main] INFO  testCases.TC_002_LoginTest - Providing Login Details..
18:52:22.683 [main] INFO  testCases.TC_002_LoginTest - Clicked on Login Button..
18:52:23.390 [main] INFO  testCases.TC_002_LoginTest - Finished TC-002 Login Test..
18:52:31.909 [main] INFO  testCases.TC_004_SearchProductTest -  Starting TC_004_SearchProductTest 
18:53:03.156 [main] INFO  testCases.TC_005_AddToCartPageTest -  Starting TC_005_AddToCartPageTest 
18:56:15.217 [TestNG-tests-1] INFO  testCases.TC_001_AccountRegistrationTest - **** TC_001 Account Registration Test ****
18:56:15.302 [TestNG-tests-2] INFO  testCases.TC_001_AccountRegistrationTest - **** TC_001 Account Registration Test ****
18:56:15.539 [TestNG-tests-1] INFO  testCases.TC_001_AccountRegistrationTest - Clicked on My ACcount
18:56:15.590 [TestNG-tests-2] INFO  testCases.TC_001_AccountRegistrationTest - Clicked on My ACcount
18:56:18.368 [TestNG-tests-3] INFO  testCases.TC_001_AccountRegistrationTest - **** TC_001 Account Registration Test ****
18:56:18.922 [TestNG-tests-3] INFO  testCases.TC_001_AccountRegistrationTest - Clicked on My ACcount
18:56:19.886 [TestNG-tests-3] INFO  testCases.TC_001_AccountRegistrationTest - Clicked on Register
18:56:19.929 [TestNG-tests-3] INFO  testCases.TC_001_AccountRegistrationTest - PRoviding Customer Data
18:57:13.321 [TestNG-tests-1] INFO  testCases.TC_001_AccountRegistrationTest - **** TC_001 Account Registration Test ****
18:57:15.013 [TestNG-tests-2] INFO  testCases.TC_001_AccountRegistrationTest - **** TC_001 Account Registration Test ****
18:57:15.121 [TestNG-tests-1] INFO  testCases.TC_001_AccountRegistrationTest - Clicked on My ACcount
18:57:15.241 [TestNG-tests-2] INFO  testCases.TC_001_AccountRegistrationTest - Clicked on My ACcount
18:58:55.544 [main] INFO  testCases.TC_001_AccountRegistrationTest - **** TC_001 Account Registration Test ****
18:58:55.797 [main] INFO  testCases.TC_001_AccountRegistrationTest - Clicked on My ACcount
18:58:56.423 [main] INFO  testCases.TC_001_AccountRegistrationTest - Clicked on Register
18:58:56.428 [main] INFO  testCases.TC_001_AccountRegistrationTest - PRoviding Customer Data
18:58:57.263 [main] INFO  testCases.TC_001_AccountRegistrationTest - CLicked on Continue
18:59:06.229 [main] INFO  testCases.TC_001_AccountRegistrationTest - Validating Expected Message
18:59:06.232 [main] INFO  testCases.TC_001_AccountRegistrationTest - Finised TC-001 Accoutn Registration Test
18:59:15.067 [main] INFO  testCases.TC_002_LoginTest - Starting TC_002_Login Test..
18:59:15.230 [main] INFO  testCases.TC_002_LoginTest - Clicked on My Account
18:59:15.932 [main] INFO  testCases.TC_002_LoginTest - Clicked on Login
18:59:15.964 [main] INFO  testCases.TC_002_LoginTest - Providing Login Details..
18:59:16.433 [main] INFO  testCases.TC_002_LoginTest - Clicked on Login Button..
18:59:17.070 [main] INFO  testCases.TC_002_LoginTest - Finished TC-002 Login Test..
19:00:57.037 [main] INFO  testCases.TC_001_AccountRegistrationTest - **** TC_001 Account Registration Test ****
19:00:57.313 [main] INFO  testCases.TC_001_AccountRegistrationTest - Clicked on My ACcount
19:00:57.955 [main] INFO  testCases.TC_001_AccountRegistrationTest - Clicked on Register
19:00:57.967 [main] INFO  testCases.TC_001_AccountRegistrationTest - PRoviding Customer Data
19:00:58.810 [main] INFO  testCases.TC_001_AccountRegistrationTest - CLicked on Continue
19:01:05.155 [main] INFO  testCases.TC_001_AccountRegistrationTest - Validating Expected Message
19:01:05.159 [main] INFO  testCases.TC_001_AccountRegistrationTest - Finised TC-001 Accoutn Registration Test
19:01:13.283 [main] INFO  testCases.TC_002_LoginTest - Starting TC_002_Login Test..
19:01:13.469 [main] INFO  testCases.TC_002_LoginTest - Clicked on My Account
19:01:14.032 [main] INFO  testCases.TC_002_LoginTest - Clicked on Login
19:01:14.036 [main] INFO  testCases.TC_002_LoginTest - Providing Login Details..
19:01:14.472 [main] INFO  testCases.TC_002_LoginTest - Clicked on Login Button..
19:01:15.066 [main] INFO  testCases.TC_002_LoginTest - Finished TC-002 Login Test..
19:01:40.842 [main] INFO  testCases.TC_001_AccountRegistrationTest - **** TC_001 Account Registration Test ****
19:01:41.136 [main] INFO  testCases.TC_001_AccountRegistrationTest - Clicked on My ACcount
19:01:41.761 [main] INFO  testCases.TC_001_AccountRegistrationTest - Clicked on Register
19:01:41.766 [main] INFO  testCases.TC_001_AccountRegistrationTest - PRoviding Customer Data
19:01:42.650 [main] INFO  testCases.TC_001_AccountRegistrationTest - CLicked on Continue
19:01:43.418 [main] INFO  testCases.TC_001_AccountRegistrationTest - Validating Expected Message
19:01:43.421 [main] INFO  testCases.TC_001_AccountRegistrationTest - Finised TC-001 Accoutn Registration Test
19:01:52.139 [main] INFO  testCases.TC_002_LoginTest - Starting TC_002_Login Test..
19:01:52.303 [main] INFO  testCases.TC_002_LoginTest - Clicked on My Account
19:01:52.848 [main] INFO  testCases.TC_002_LoginTest - Clicked on Login
19:01:52.850 [main] INFO  testCases.TC_002_LoginTest - Providing Login Details..
19:01:53.294 [main] INFO  testCases.TC_002_LoginTest - Clicked on Login Button..
19:01:53.952 [main] INFO  testCases.TC_002_LoginTest - Finished TC-002 Login Test..
19:02:28.336 [TestNG-tests-2] INFO  testCases.TC_001_AccountRegistrationTest - **** TC_001 Account Registration Test ****
19:02:28.712 [TestNG-tests-2] INFO  testCases.TC_001_AccountRegistrationTest - Clicked on My ACcount
19:02:29.920 [TestNG-tests-2] INFO  testCases.TC_001_AccountRegistrationTest - Clicked on Register
19:02:29.933 [TestNG-tests-2] INFO  testCases.TC_001_AccountRegistrationTest - PRoviding Customer Data
19:02:50.790 [TestNG-tests-3] INFO  testCases.TC_001_AccountRegistrationTest - **** TC_001 Account Registration Test ****
19:02:51.583 [TestNG-tests-3] INFO  testCases.TC_001_AccountRegistrationTest - Clicked on My ACcount
19:02:52.324 [TestNG-tests-3] INFO  testCases.TC_001_AccountRegistrationTest - Clicked on Register
19:02:52.326 [TestNG-tests-3] INFO  testCases.TC_001_AccountRegistrationTest - PRoviding Customer Data
19:03:33.165 [main] INFO  testCases.TC_003_LoginDataDrivenTest -  Starting TC_003_LoginDataDrivenTest 
19:03:41.926 [main] INFO  testCases.TC_003_LoginDataDrivenTest -  Finished TC_003_LoginDataDrivenTest
19:03:41.978 [main] INFO  testCases.TC_003_LoginDataDrivenTest -  Starting TC_003_LoginDataDrivenTest 
19:04:03.047 [main] INFO  testCases.TC_003_LoginDataDrivenTest -  Finished TC_003_LoginDataDrivenTest
19:04:03.053 [main] INFO  testCases.TC_003_LoginDataDrivenTest -  Starting TC_003_LoginDataDrivenTest 
19:04:24.061 [main] INFO  testCases.TC_003_LoginDataDrivenTest -  Finished TC_003_LoginDataDrivenTest
19:04:24.067 [main] INFO  testCases.TC_003_LoginDataDrivenTest -  Starting TC_003_LoginDataDrivenTest 
19:04:45.156 [main] INFO  testCases.TC_003_LoginDataDrivenTest -  Finished TC_003_LoginDataDrivenTest
19:04:45.162 [main] INFO  testCases.TC_003_LoginDataDrivenTest -  Starting TC_003_LoginDataDrivenTest 
19:04:53.694 [main] INFO  testCases.TC_003_LoginDataDrivenTest -  Finished TC_003_LoginDataDrivenTest
19:05:31.408 [main] INFO  testCases.TC_002_LoginTest - Starting TC_002_Login Test..
19:05:31.609 [main] INFO  testCases.TC_002_LoginTest - Clicked on My Account
19:05:32.142 [main] INFO  testCases.TC_002_LoginTest - Clicked on Login
19:05:32.145 [main] INFO  testCases.TC_002_LoginTest - Providing Login Details..
19:05:32.577 [main] INFO  testCases.TC_002_LoginTest - Clicked on Login Button..
19:05:33.184 [main] INFO  testCases.TC_002_LoginTest - Finished TC-002 Login Test..
19:37:45.845 [TestNG-tests-2] INFO  testCases.TC_001_AccountRegistrationTest - **** TC_001 Account Registration Test ****
19:37:45.845 [TestNG-tests-1] INFO  testCases.TC_001_AccountRegistrationTest - **** TC_001 Account Registration Test ****
19:37:46.114 [TestNG-tests-2] INFO  testCases.TC_001_AccountRegistrationTest - Clicked on My ACcount
19:37:46.264 [TestNG-tests-1] INFO  testCases.TC_001_AccountRegistrationTest - Clicked on My ACcount
19:37:49.788 [TestNG-tests-3] INFO  testCases.TC_001_AccountRegistrationTest - **** TC_001 Account Registration Test ****
19:37:50.167 [TestNG-tests-3] INFO  testCases.TC_001_AccountRegistrationTest - Clicked on My ACcount
19:37:51.156 [TestNG-tests-3] INFO  testCases.TC_001_AccountRegistrationTest - Clicked on Register
19:37:51.163 [TestNG-tests-3] INFO  testCases.TC_001_AccountRegistrationTest - PRoviding Customer Data
19:39:04.114 [TestNG-tests-1] INFO  testCases.TC_001_AccountRegistrationTest - **** TC_001 Account Registration Test ****
19:39:04.168 [TestNG-tests-2] INFO  testCases.TC_001_AccountRegistrationTest - **** TC_001 Account Registration Test ****
19:39:04.388 [TestNG-tests-1] INFO  testCases.TC_001_AccountRegistrationTest - Clicked on My ACcount
19:39:04.442 [TestNG-tests-2] INFO  testCases.TC_001_AccountRegistrationTest - Clicked on My ACcount
19:39:07.147 [TestNG-tests-3] INFO  testCases.TC_001_AccountRegistrationTest - **** TC_001 Account Registration Test ****
19:39:07.554 [TestNG-tests-3] INFO  testCases.TC_001_AccountRegistrationTest - Clicked on My ACcount
19:39:08.451 [TestNG-tests-3] INFO  testCases.TC_001_AccountRegistrationTest - Clicked on Register
19:39:08.457 [TestNG-tests-3] INFO  testCases.TC_001_AccountRegistrationTest - PRoviding Customer Data
19:40:13.840 [main] INFO  testCases.TC_003_LoginDataDrivenTest -  Starting TC_003_LoginDataDrivenTest 
19:40:22.565 [main] INFO  testCases.TC_003_LoginDataDrivenTest -  Finished TC_003_LoginDataDrivenTest
19:40:22.622 [main] INFO  testCases.TC_003_LoginDataDrivenTest -  Starting TC_003_LoginDataDrivenTest 
19:40:43.509 [main] INFO  testCases.TC_003_LoginDataDrivenTest -  Finished TC_003_LoginDataDrivenTest
19:40:43.516 [main] INFO  testCases.TC_003_LoginDataDrivenTest -  Starting TC_003_LoginDataDrivenTest 
19:41:04.539 [main] INFO  testCases.TC_003_LoginDataDrivenTest -  Finished TC_003_LoginDataDrivenTest
19:41:04.547 [main] INFO  testCases.TC_003_LoginDataDrivenTest -  Starting TC_003_LoginDataDrivenTest 
19:41:25.586 [main] INFO  testCases.TC_003_LoginDataDrivenTest -  Finished TC_003_LoginDataDrivenTest
19:41:25.594 [main] INFO  testCases.TC_003_LoginDataDrivenTest -  Starting TC_003_LoginDataDrivenTest 
19:41:33.860 [main] INFO  testCases.TC_003_LoginDataDrivenTest -  Finished TC_003_LoginDataDrivenTest
19:44:05.135 [main] INFO  testCases.TC_001_AccountRegistrationTest - **** TC_001 Account Registration Test ****
19:44:05.371 [main] INFO  testCases.TC_001_AccountRegistrationTest - Clicked on My ACcount
19:44:06.007 [main] INFO  testCases.TC_001_AccountRegistrationTest - Clicked on Register
19:44:06.011 [main] INFO  testCases.TC_001_AccountRegistrationTest - PRoviding Customer Data
19:44:06.861 [main] INFO  testCases.TC_001_AccountRegistrationTest - CLicked on Continue
19:44:07.553 [main] INFO  testCases.TC_001_AccountRegistrationTest - Validating Expected Message
19:44:07.556 [main] INFO  testCases.TC_001_AccountRegistrationTest - Finised TC-001 Accoutn Registration Test
19:44:16.171 [main] INFO  testCases.TC_002_LoginTest - Starting TC_002_Login Test..
19:44:16.337 [main] INFO  testCases.TC_002_LoginTest - Clicked on My Account
19:44:16.874 [main] INFO  testCases.TC_002_LoginTest - Clicked on Login
19:44:16.876 [main] INFO  testCases.TC_002_LoginTest - Providing Login Details..
19:44:17.314 [main] INFO  testCases.TC_002_LoginTest - Clicked on Login Button..
19:44:18.108 [main] INFO  testCases.TC_002_LoginTest - Finished TC-002 Login Test..
19:46:20.626 [main] INFO  testCases.TC_001_AccountRegistrationTest - **** TC_001 Account Registration Test ****
19:46:20.818 [main] INFO  testCases.TC_001_AccountRegistrationTest - Clicked on My ACcount
19:46:21.381 [main] INFO  testCases.TC_001_AccountRegistrationTest - Clicked on Register
19:46:21.389 [main] INFO  testCases.TC_001_AccountRegistrationTest - PRoviding Customer Data
19:46:22.247 [main] INFO  testCases.TC_001_AccountRegistrationTest - CLicked on Continue
19:46:27.967 [main] INFO  testCases.TC_001_AccountRegistrationTest - Validating Expected Message
19:46:27.972 [main] INFO  testCases.TC_001_AccountRegistrationTest - Finised TC-001 Accoutn Registration Test
19:47:32.227 [main] INFO  testCases.TC_001_AccountRegistrationTest - **** TC_001 Account Registration Test ****
19:47:32.462 [main] INFO  testCases.TC_001_AccountRegistrationTest - Clicked on My ACcount
19:47:33.094 [main] INFO  testCases.TC_001_AccountRegistrationTest - Clicked on Register
19:47:33.101 [main] INFO  testCases.TC_001_AccountRegistrationTest - PRoviding Customer Data
19:47:33.972 [main] INFO  testCases.TC_001_AccountRegistrationTest - CLicked on Continue
19:47:34.649 [main] INFO  testCases.TC_001_AccountRegistrationTest - Validating Expected Message
19:47:34.652 [main] INFO  testCases.TC_001_AccountRegistrationTest - Finised TC-001 Accoutn Registration Test
19:47:43.385 [main] INFO  testCases.TC_002_LoginTest - Starting TC_002_Login Test..
19:47:43.539 [main] INFO  testCases.TC_002_LoginTest - Clicked on My Account
19:47:44.101 [main] INFO  testCases.TC_002_LoginTest - Clicked on Login
19:47:44.103 [main] INFO  testCases.TC_002_LoginTest - Providing Login Details..
19:50:24.014 [main] INFO  testCases.TC_001_AccountRegistrationTest - **** TC_001 Account Registration Test ****
19:50:24.200 [main] INFO  testCases.TC_001_AccountRegistrationTest - Clicked on My ACcount
19:50:24.756 [main] INFO  testCases.TC_001_AccountRegistrationTest - Clicked on Register
19:50:24.762 [main] INFO  testCases.TC_001_AccountRegistrationTest - PRoviding Customer Data
19:50:25.601 [main] INFO  testCases.TC_001_AccountRegistrationTest - CLicked on Continue
19:50:26.287 [main] INFO  testCases.TC_001_AccountRegistrationTest - Validating Expected Message
19:50:26.290 [main] INFO  testCases.TC_001_AccountRegistrationTest - Finised TC-001 Accoutn Registration Test
19:50:34.852 [main] INFO  testCases.TC_002_LoginTest - Starting TC_002_Login Test..
19:50:35.004 [main] INFO  testCases.TC_002_LoginTest - Clicked on My Account
19:50:35.577 [main] INFO  testCases.TC_002_LoginTest - Clicked on Login
19:50:35.580 [main] INFO  testCases.TC_002_LoginTest - Providing Login Details..
